22:10:03 INFO  : Launching XSDB server: xsdb.bat -interactive D:\xilinx\Zhe\ECE532_integration\ECE532_integration.sdk\temp_xsdb_launch_script.tcl
22:10:04 INFO  : XSDB server has started successfully.
22:10:04 INFO  : Processing command line option -hwspec D:/xilinx/Zhe/ECE532_integration/ECE532_integration.sdk/design_1_wrapper.hdf.
22:10:49 INFO  : Processor reset is completed for microblaze_0
22:12:01 INFO  : Connected to target on host '127.0.0.1' and port '3121'.
22:12:01 INFO  : 'targets -set -filter {jtag_cable_name =~ "Digilent Nexys4DDR 210292645895A" && level==0} -index 0' command is executed.
22:12:03 INFO  : FPGA configured successfully with bitstream "D:/xilinx/Zhe/ECE532_integration/ECE532_integration.sdk/design_1_wrapper_hw_platform_0/download.bit"
22:12:07 INFO  : Processor reset is completed for microblaze_0
22:12:07 ERROR : Unexpected error while launching program.
java.lang.RuntimeException: Unknown Error Occured
    Target '0' Does NOT exist in the Current System


	at com.xilinx.sdk.targetmanager.internal.TM.downloadELF(TM.java:686)
	at com.xilinx.sdk.debug.core.internal.AppRunner.run(AppRunner.java:129)
	at com.xilinx.sdk.debug.core.XilinxAppLaunchConfigurationDelegate.runApplication(XilinxAppLaunchConfigurationDelegate.java:637)
	at com.xilinx.sdk.debug.core.XilinxAppLaunchConfigurationDelegate.launch(XilinxAppLaunchConfigurationDelegate.java:309)
	at com.xilinx.sdk.debug.ui.XilinxAppLaunchDelegateWrapper.launch(XilinxAppLaunchDelegateWrapper.java:31)
	at org.eclipse.debug.internal.core.LaunchConfiguration.launch(LaunchConfiguration.java:885)
	at org.eclipse.debug.internal.core.LaunchConfiguration.launch(LaunchConfiguration.java:739)
	at org.eclipse.debug.internal.ui.DebugUIPlugin.buildAndLaunch(DebugUIPlugin.java:1039)
	at org.eclipse.debug.internal.ui.DebugUIPlugin$8.run(DebugUIPlugin.java:1256)
	at org.eclipse.core.internal.jobs.Worker.run(Worker.java:55)
22:13:23 INFO  : Connected to target on host '127.0.0.1' and port '3121'.
22:13:24 INFO  : 'targets -set -filter {jtag_cable_name =~ "Digilent Nexys4DDR 210292645895A" && level==0} -index 0' command is executed.
22:13:26 INFO  : FPGA configured successfully with bitstream "D:/xilinx/Zhe/ECE532_integration/ECE532_integration.sdk/design_1_wrapper_hw_platform_0/download.bit"
22:13:40 ERROR : Unexpected error while parsing XMD response ?: com.google.gson.JsonSyntaxException: com.google.gson.stream.MalformedJsonException: invalid number or unquoted string near 
22:13:51 INFO  : Launching XSDB server: xsdb.bat -interactive D:\xilinx\Zhe\ECE532_integration\ECE532_integration.sdk\temp_xsdb_launch_script.tcl
22:13:52 INFO  : XSDB server has started successfully.
22:13:52 INFO  : Processing command line option -hwspec D:/xilinx/Zhe/ECE532_integration/ECE532_integration.sdk/design_1_wrapper.hdf.
22:13:52 INFO  : Checking for hwspec changes in the project design_1_wrapper_hw_platform_0.
22:14:02 INFO  : Processor reset is completed for microblaze_0
22:14:52 INFO  : Processor reset is completed for microblaze_0
22:17:25 INFO  : microblaze_0 Processor is in use. Please stop existing Run or Debug sessions before launching.
22:17:26 INFO  : Processor reset is completed for microblaze_0
22:19:58 INFO  : Processor reset is completed for microblaze_0
23:11:41 INFO  : SDK has detected change in the last modified timestamps for source hardware specification file Source:1490497523916,  Project:1490491887662
23:11:41 INFO  : Project design_1_wrapper_hw_platform_0's source hardware specification located at D:/xilinx/Zhe/ECE532_integration/ECE532_integration.sdk/design_1_wrapper.hdf is now different from the local copy.
		 The local copy will be replaced with the source specification and your workspace will be updated.
23:13:54 INFO  : Copied contents of D:/xilinx/Zhe/ECE532_integration/ECE532_integration.sdk/design_1_wrapper.hdf into \design_1_wrapper_hw_platform_0\system.hdf.
23:13:54 INFO  : Synchronizing projects in the workspace with the hardware platform specification changes.
23:13:55 ERROR : (XSDB Server)ERROR: [Hsi 55-1433] Error boost::filesystem::directory_iterator::construct: ¾Ü¾ø·ÃÎÊ¡£: "C:/Users/Zhe Wu/AppData/Local/Temp\msdtadmin"

23:13:55 ERROR : Failed to call sync_sw_with_hw_change
Reason: ERROR: [Common 17-39] 'hsi::open_sw_design' failed due to earlier errors.

23:13:55 ERROR : Error updating BSP project MSS files.
23:13:56 INFO  : Updating hardware inferred compiler options for Raiden.
23:13:56 INFO  : Clearing existing target manager status.
23:14:29 INFO  : Connected to target on host '127.0.0.1' and port '3121'.
23:14:34 INFO  : 'targets -set -filter {jtag_cable_name =~ "Digilent Nexys4DDR 210292645895A" && level==0} -index 0' command is executed.
23:14:36 INFO  : FPGA configured successfully with bitstream "D:/xilinx/Zhe/ECE532_integration/ECE532_integration.sdk/design_1_wrapper_hw_platform_0/download.bit"
23:15:17 INFO  : Processor reset is completed for microblaze_0
23:16:13 INFO  : microblaze_0 Processor is in use. Please stop existing Run or Debug sessions before launching.
23:16:14 INFO  : Processor reset is completed for microblaze_0
23:18:03 INFO  : microblaze_0 Processor is in use. Please stop existing Run or Debug sessions before launching.
23:18:11 INFO  : microblaze_0 Processor is in use. Please stop existing Run or Debug sessions before launching.
23:18:12 INFO  : Processor reset is completed for microblaze_0
23:44:53 ERROR : Unexpected error while parsing XMD response ?: com.google.gson.JsonSyntaxException: com.google.gson.stream.MalformedJsonException: invalid number or unquoted string near 
02:12:58 INFO  : Launching XSDB server: xsdb.bat -interactive D:\xilinx\Zhe\ECE532_integration\ECE532_integration.sdk\temp_xsdb_launch_script.tcl
02:13:01 INFO  : XSDB server has started successfully.
02:13:01 INFO  : Processing command line option -hwspec D:/xilinx/Zhe/ECE532_integration/ECE532_integration.sdk/design_1_wrapper.hdf.
02:13:01 INFO  : Checking for hwspec changes in the project design_1_wrapper_hw_platform_0.
02:13:01 INFO  : SDK has detected change in the last modified timestamps for source hardware specification file Source:1490508681209,  Project:1490497523916
02:13:01 INFO  : The hardware specification for project 'design_1_wrapper_hw_platform_0' is different from D:/xilinx/Zhe/ECE532_integration/ECE532_integration.sdk/design_1_wrapper.hdf.
02:13:01 INFO  : Copied contents of D:/xilinx/Zhe/ECE532_integration/ECE532_integration.sdk/design_1_wrapper.hdf into \design_1_wrapper_hw_platform_0\system.hdf.
02:13:02 INFO  : Synchronizing projects in the workspace with the hardware platform specification changes.
02:13:02 ERROR : (XSDB Server)ERROR: [Hsi 55-1433] Error boost::filesystem::directory_iterator::construct: ¾Ü¾ø·ÃÎÊ¡£: "C:/Users/Zhe Wu/AppData/Local/Temp\msdtadmin"

02:13:02 ERROR : Failed to call sync_sw_with_hw_change
Reason: ERROR: [Common 17-39] 'hsi::open_sw_design' failed due to earlier errors.

02:13:02 ERROR : Error updating BSP project MSS files.
02:13:03 INFO  : Updating hardware inferred compiler options for Raiden.
02:13:03 INFO  : Clearing existing target manager status.
02:13:29 INFO  : Connected to target on host '127.0.0.1' and port '3121'.
02:13:34 INFO  : 'targets -set -filter {jtag_cable_name =~ "Digilent Nexys4DDR 210292645895A" && level==0} -index 0' command is executed.
02:13:36 INFO  : FPGA configured successfully with bitstream "D:/xilinx/Zhe/ECE532_integration/ECE532_integration.sdk/design_1_wrapper_hw_platform_0/download.bit"
02:13:39 ERROR : (XSDB Server)ERROR: [Hsi 55-1558] Software Design system system is not found

02:13:39 ERROR :  [Common 17-39] 'hsi::current_sw_design' failed due to earlier errors.
02:13:39 ERROR : (XSDB Server)ERROR: [Hsi 55-1558] Software Design system system is not found

02:13:39 INFO  : Unable to read in MSS file D:\xilinx\Zhe\ECE532_integration\ECE532_integration.sdk\Raiden_bsp\system.mss : null
02:13:39 ERROR : (XSDB Server)ERROR: [Hsi 55-1558] Software Design system system is not found

02:13:39 ERROR : (XSDB Server)ERROR: [Hsi 55-1558] Software Design system system is not found

02:13:39 ERROR : (XSDB Server)ERROR: [Hsi 55-1558] Software Design system system is not found

02:13:39 ERROR :  [Common 17-39] 'hsi::current_sw_design' failed due to earlier errors.
02:13:39 ERROR : (XSDB Server)ERROR: [Hsi 55-1558] Software Design system system is not found

02:13:39 INFO  : Unable to read in MSS file D:\xilinx\Zhe\ECE532_integration\ECE532_integration.sdk\Raiden_bsp\system.mss : null
02:13:39 ERROR : (XSDB Server)ERROR: [Hsi 55-1558] Software Design system system is not found

02:13:39 ERROR : Failed to closesw "D:/xilinx/Zhe/ECE532_integration/ECE532_integration.sdk/Raiden_bsp/system.mss"
Reason: Cannot close sw design 'D:/xilinx/Zhe/ECE532_integration/ECE532_integration.sdk/Raiden_bsp/system.mss'.
Design is not opened in the current session.


02:13:59 ERROR : (XSDB Server)ERROR: [Hsi 55-1558] Software Design system system is not found

02:13:59 ERROR :  [Common 17-39] 'hsi::current_sw_design' failed due to earlier errors.
02:13:59 ERROR : (XSDB Server)ERROR: [Hsi 55-1558] Software Design system system is not found

02:13:59 INFO  : Unable to read in MSS file D:\xilinx\Zhe\ECE532_integration\ECE532_integration.sdk\Raiden_bsp\system.mss : null
02:13:59 ERROR : (XSDB Server)ERROR: [Hsi 55-1558] Software Design system system is not found

02:13:59 ERROR : (XSDB Server)ERROR: [Hsi 55-1558] Software Design system system is not found

02:13:59 ERROR : Failed to get_connected_periphs
Reason: ERROR: [Common 17-55] 'get_property' expects at least one object.
Resolution: If [get_<value>] was used to populate the object, check to make sure this command returns at least one valid object.

02:14:00 ERROR : (XSDB Server)ERROR: [Hsi 55-1558] Software Design system system is not found

02:14:00 ERROR :  [Common 17-39] 'hsi::current_sw_design' failed due to earlier errors.
02:14:00 ERROR : (XSDB Server)ERROR: [Hsi 55-1558] Software Design system system is not found

02:14:00 INFO  : Unable to read in MSS file D:\xilinx\Zhe\ECE532_integration\ECE532_integration.sdk\Raiden_bsp\system.mss : null
02:14:00 ERROR : (XSDB Server)ERROR: [Hsi 55-1558] Software Design system system is not found

02:14:00 ERROR : (XSDB Server)ERROR: [Hsi 55-1558] Software Design system system is not found

02:14:00 ERROR : (XSDB Server)ERROR: [Hsi 55-1558] Software Design system system is not found

02:14:00 ERROR :  [Common 17-39] 'hsi::current_sw_design' failed due to earlier errors.
02:14:00 ERROR : (XSDB Server)ERROR: [Hsi 55-1558] Software Design system system is not found

02:14:00 INFO  : Unable to read in MSS file D:\xilinx\Zhe\ECE532_integration\ECE532_integration.sdk\Raiden_bsp\system.mss : null
02:14:00 ERROR : (XSDB Server)ERROR: [Hsi 55-1558] Software Design system system is not found

02:14:00 ERROR : Failed to closesw "D:/xilinx/Zhe/ECE532_integration/ECE532_integration.sdk/Raiden_bsp/system.mss"
Reason: Cannot close sw design 'D:/xilinx/Zhe/ECE532_integration/ECE532_integration.sdk/Raiden_bsp/system.mss'.
Design is not opened in the current session.


02:14:50 INFO  : Processor reset is completed for microblaze_0
02:17:40 INFO  : microblaze_0 Processor is in use. Please stop existing Run or Debug sessions before launching.
02:17:45 INFO  : Processor reset is completed for microblaze_0
12:38:48 ERROR : Unexpected error while parsing XMD response ?: com.google.gson.JsonSyntaxException: com.google.gson.stream.MalformedJsonException: invalid number or unquoted string near 
16:29:02 INFO  : Launching XSDB server: xsdb.bat -interactive D:\Vivado_Project\ECE532_final\ECE532_integration\ECE532_integration\ECE532_integration.sdk\temp_xsdb_launch_script.tcl
16:29:03 INFO  : XSDB server has started successfully.
16:29:03 INFO  : Processing command line option -hwspec D:/Vivado_Project/ECE532_final/ECE532_integration/ECE532_integration/ECE532_integration.sdk/design_1_wrapper.hdf.
16:33:31 INFO  : Connected to target on host '127.0.0.1' and port '3121'.
16:33:36 INFO  : 'targets -set -filter {jtag_cable_name =~ "Digilent Nexys4DDR 210292645895A" && level==0} -index 0' command is executed.
16:33:39 INFO  : FPGA configured successfully with bitstream "D:/Vivado_Project/ECE532_final/ECE532_integration/ECE532_integration/ECE532_integration.sdk/design_1_wrapper_hw_platform_0/download.bit"
16:33:46 INFO  : Processor reset is completed for microblaze_0
16:33:47 ERROR : No such port: COM6
16:35:07 INFO  : Processor reset is completed for microblaze_0
16:35:07 ERROR : No such port: COM6
16:37:17 ERROR : Unexpected error while parsing XMD response ?: com.google.gson.JsonSyntaxException: com.google.gson.stream.MalformedJsonException: invalid number or unquoted string near 
16:37:39 INFO  : Launching XSDB server: xsdb.bat -interactive D:\Vivado_Project\ECE532_final\ECE532_integration\ECE532_integration\ECE532_integration.sdk\temp_xsdb_launch_script.tcl
16:37:40 INFO  : XSDB server has started successfully.
16:37:40 INFO  : Processing command line option -hwspec D:/Vivado_Project/ECE532_final/ECE532_integration/ECE532_integration/ECE532_integration.sdk/design_1_wrapper.hdf.
16:37:40 INFO  : Checking for hwspec changes in the project design_1_wrapper_hw_platform_1.
16:37:40 INFO  : SDK has detected change in the last modified timestamps for source hardware specification file Source:1490816691564,  Project:1490508681209
16:37:40 INFO  : The hardware specification for project 'design_1_wrapper_hw_platform_1' is different from D:/Vivado_Project/ECE532_final/ECE532_integration/ECE532_integration/ECE532_integration.sdk/design_1_wrapper.hdf.
16:37:41 INFO  : Copied contents of D:/Vivado_Project/ECE532_final/ECE532_integration/ECE532_integration/ECE532_integration.sdk/design_1_wrapper.hdf into \design_1_wrapper_hw_platform_1\system.hdf.
16:37:41 INFO  : Synchronizing projects in the workspace with the hardware platform specification changes.
16:37:41 INFO  : Clearing existing target manager status.
16:37:42 INFO  : Workspace synchronized with the new hardware specification file. Cleaning dependent projects...
16:37:42 WARN  : Linker script will not be updated automatically. Users need to update it manually.
16:37:55 INFO  : Connected to target on host '127.0.0.1' and port '3121'.
16:38:01 INFO  : 'targets -set -filter {jtag_cable_name =~ "Digilent Nexys4DDR 210292645895A" && level==0} -index 0' command is executed.
16:38:03 INFO  : FPGA configured successfully with bitstream "D:/Vivado_Project/ECE532_final/ECE532_integration/ECE532_integration/ECE532_integration.sdk/design_1_wrapper_hw_platform_0/download.bit"
16:38:08 INFO  : Processor reset is completed for microblaze_0
16:38:08 ERROR : No such port: COM6
16:40:39 INFO  : Connected to target on host '127.0.0.1' and port '3121'.
16:40:39 INFO  : 'targets -set -filter {jtag_cable_name =~ "Digilent Nexys4DDR 210292645895A" && level==0} -index 0' command is executed.
16:40:41 INFO  : FPGA configured successfully with bitstream "D:/Vivado_Project/ECE532_final/ECE532_integration/ECE532_integration/ECE532_integration.sdk/design_1_wrapper_hw_platform_1/download.bit"
16:40:58 INFO  : Processor reset is completed for microblaze_0
16:43:52 ERROR : Unexpected error while parsing XMD response ?: com.google.gson.JsonSyntaxException: com.google.gson.stream.MalformedJsonException: invalid number or unquoted string near 
16:44:08 INFO  : Launching XSDB server: xsdb.bat -interactive D:\Vivado_Project\ECE532_final\ECE532_integration\ECE532_integration\ECE532_integration.sdk\temp_xsdb_launch_script.tcl
16:44:10 INFO  : XSDB server has started successfully.
16:44:10 INFO  : Processing command line option -hwspec D:/Vivado_Project/ECE532_final/ECE532_integration/ECE532_integration/ECE532_integration.sdk/design_1_wrapper.hdf.
16:44:10 INFO  : Checking for hwspec changes in the project design_1_wrapper_hw_platform_1.
16:46:52 INFO  : Processor reset is completed for microblaze_0
16:52:10 INFO  : Processor reset is completed for microblaze_0
17:29:38 INFO  : Processor reset is completed for microblaze_0
17:30:27 INFO  : Processor reset is completed for microblaze_0
17:30:40 INFO  : Connected to target on host '127.0.0.1' and port '3121'.
17:30:41 INFO  : 'targets -set -filter {jtag_cable_name =~ "Digilent Nexys4DDR 210292645895A" && level==0} -index 0' command is executed.
17:30:43 INFO  : FPGA configured successfully with bitstream "D:/Vivado_Project/ECE532_final/ECE532_integration/ECE532_integration/ECE532_integration.sdk/design_1_wrapper_hw_platform_1/download.bit"
17:33:27 INFO  : microblaze_0 Processor is in use. Please stop existing Run or Debug sessions before launching.
17:33:30 INFO  : Processor reset is completed for microblaze_0
17:46:22 INFO  : microblaze_0 Processor is in use. Please stop existing Run or Debug sessions before launching.
17:46:23 INFO  : Processor reset is completed for microblaze_0
17:50:18 INFO  : Processor reset is completed for microblaze_0
17:51:58 INFO  : microblaze_0 Processor is in use. Please stop existing Run or Debug sessions before launching.
17:52:00 INFO  : Processor reset is completed for microblaze_0
17:54:17 INFO  : Processor reset is completed for microblaze_0
17:59:47 INFO  : Processor reset is completed for microblaze_0
18:06:38 INFO  : microblaze_0 Processor is in use. Please stop existing Run or Debug sessions before launching.
18:06:39 INFO  : Processor reset is completed for microblaze_0
18:16:45 INFO  : microblaze_0 Processor is in use. Please stop existing Run or Debug sessions before launching.
18:16:47 INFO  : Processor reset is completed for microblaze_0
18:18:09 INFO  : microblaze_0 Processor is in use. Please stop existing Run or Debug sessions before launching.
18:18:11 INFO  : Processor reset is completed for microblaze_0
18:24:26 INFO  : Processor reset is completed for microblaze_0
18:27:40 INFO  : Time out for XMD transaction is 60000
If you want to increase the timeout value, goto Windows-> Preferences -> Xilinx SDK -> XMD Startup
18:27:40 ERROR : Timeout occured while waiting to get reply for command "xdisconnect 0"
18:27:40 ERROR : Disconnect target failed.
18:27:55 ERROR : Disconnect target failed.No active Target 0

18:27:55 ERROR : Unable to disconnect from existing targets
java.lang.RuntimeException: No active Target 0

	at com.xilinx.sdk.targetmanager.internal.TM.disconnectTarget(TM.java:329)
	at com.xilinx.sdk.targetmanager.internal.TM.disconnectExistingTargets(TM.java:308)
	at com.xilinx.sdk.targetmanager.internal.TM.terminate(TM.java:212)
	at com.xilinx.sdk.targetmanager.TMPlugin.stop(TMPlugin.java:58)
	at org.eclipse.osgi.internal.framework.BundleContextImpl$4.run(BundleContextImpl.java:827)
	at org.eclipse.osgi.internal.framework.BundleContextImpl$4.run(BundleContextImpl.java:1)
	at java.security.AccessController.doPrivileged(Native Method)
	at org.eclipse.osgi.internal.framework.BundleContextImpl.stop(BundleContextImpl.java:820)
	at org.eclipse.osgi.internal.framework.EquinoxBundle.stopWorker0(EquinoxBundle.java:955)
	at org.eclipse.osgi.internal.framework.EquinoxBundle$EquinoxModule.stopWorker(EquinoxBundle.java:323)
	at org.eclipse.osgi.container.Module.doStop(Module.java:626)
	at org.eclipse.osgi.container.Module.stop(Module.java:488)
	at org.eclipse.osgi.container.ModuleContainer$ContainerStartLevel.decStartLevel(ModuleContainer.java:1623)
	at org.eclipse.osgi.container.ModuleContainer$ContainerStartLevel.doContainerStartLevel(ModuleContainer.java:1542)
	at org.eclipse.osgi.container.SystemModule.stopWorker(SystemModule.java:248)
	at org.eclipse.osgi.internal.framework.EquinoxBundle$SystemBundle$EquinoxSystemModule.stopWorker(EquinoxBundle.java:144)
	at org.eclipse.osgi.container.Module.doStop(Module.java:626)
	at org.eclipse.osgi.container.Module.stop(Module.java:488)
	at org.eclipse.osgi.container.SystemModule.stop(SystemModule.java:186)
	at org.eclipse.osgi.internal.framework.EquinoxBundle$SystemBundle$EquinoxSystemModule$1.run(EquinoxBundle.java:159)
	at java.lang.Thread.run(Thread.java:745)
18:27:55 ERROR : Unexpected error while parsing XMD response ?: com.google.gson.JsonSyntaxException: com.google.gson.stream.MalformedJsonException: invalid number or unquoted string near 
18:28:06 INFO  : Launching XSDB server: xsdb.bat -interactive D:\Vivado_Project\ECE532_final\ECE532_integration\ECE532_integration\ECE532_integration.sdk\temp_xsdb_launch_script.tcl
18:28:08 INFO  : XSDB server has started successfully.
18:28:08 INFO  : Processing command line option -hwspec D:/Vivado_Project/ECE532_final/ECE532_integration/ECE532_integration/ECE532_integration.sdk/design_1_wrapper.hdf.
18:28:08 INFO  : Checking for hwspec changes in the project design_1_wrapper_hw_platform_1.
18:29:51 INFO  : Connected to target on host '127.0.0.1' and port '3121'.
18:29:56 INFO  : 'targets -set -filter {jtag_cable_name =~ "Digilent Nexys4DDR 210292645895A" && level==0} -index 0' command is executed.
18:29:58 INFO  : FPGA configured successfully with bitstream "D:/Vivado_Project/ECE532_final/ECE532_integration/ECE532_integration/ECE532_integration.sdk/design_1_wrapper_hw_platform_1/download.bit"
18:30:17 INFO  : Processor reset is completed for microblaze_0
18:34:59 INFO  : microblaze_0 Processor is in use. Please stop existing Run or Debug sessions before launching.
18:35:02 INFO  : Processor reset is completed for microblaze_0
18:39:14 INFO  : Processor reset is completed for microblaze_0
18:45:10 INFO  : microblaze_0 Processor is in use. Please stop existing Run or Debug sessions before launching.
18:45:11 INFO  : Processor reset is completed for microblaze_0
18:52:13 INFO  : microblaze_0 Processor is in use. Please stop existing Run or Debug sessions before launching.
18:52:15 INFO  : Processor reset is completed for microblaze_0
18:57:07 INFO  : Processor reset is completed for microblaze_0
19:34:42 INFO  : Processor reset is completed for microblaze_0
19:36:15 INFO  : microblaze_0 Processor is in use. Please stop existing Run or Debug sessions before launching.
19:36:17 INFO  : Processor reset is completed for microblaze_0
19:37:36 INFO  : microblaze_0 Processor is in use. Please stop existing Run or Debug sessions before launching.
19:37:37 INFO  : Processor reset is completed for microblaze_0
19:39:01 INFO  : Processor reset is completed for microblaze_0
19:40:10 INFO  : microblaze_0 Processor is in use. Please stop existing Run or Debug sessions before launching.
19:40:11 INFO  : Processor reset is completed for microblaze_0
19:44:08 INFO  : microblaze_0 Processor is in use. Please stop existing Run or Debug sessions before launching.
19:44:11 INFO  : Processor reset is completed for microblaze_0
19:46:04 INFO  : microblaze_0 Processor is in use. Please stop existing Run or Debug sessions before launching.
19:46:06 INFO  : Processor reset is completed for microblaze_0
19:49:29 INFO  : Connected to target on host '127.0.0.1' and port '3121'.
19:49:29 INFO  : 'targets -set -filter {jtag_cable_name =~ "Digilent Nexys4DDR 210292645895A" && level==0} -index 0' command is executed.
19:49:31 INFO  : FPGA configured successfully with bitstream "D:/Vivado_Project/ECE532_final/ECE532_integration/ECE532_integration/ECE532_integration.sdk/design_1_wrapper_hw_platform_1/download.bit"
19:49:53 INFO  : Processor reset is completed for microblaze_0
19:59:01 INFO  : Processor reset is completed for microblaze_0
22:04:18 ERROR : Unexpected error while parsing XMD response ?: com.google.gson.JsonSyntaxException: com.google.gson.stream.MalformedJsonException: invalid number or unquoted string near 
01:13:37 INFO  : Launching XSDB server: xsdb.bat -interactive D:\Vivado_Project\ECE532_final\ECE532_integration\ECE532_integration\ECE532_integration.sdk\temp_xsdb_launch_script.tcl
01:13:38 INFO  : XSDB server has started successfully.
01:13:38 INFO  : Processing command line option -hwspec D:/Vivado_Project/ECE532_final/ECE532_integration/ECE532_integration/ECE532_integration.sdk/design_1_wrapper.hdf.
01:13:38 INFO  : Checking for hwspec changes in the project design_1_wrapper_hw_platform_1.
01:14:03 INFO  : Connected to target on host '127.0.0.1' and port '3121'.
01:14:08 INFO  : 'targets -set -filter {jtag_cable_name =~ "Digilent Nexys4DDR 210292645895A" && level==0} -index 0' command is executed.
01:14:10 INFO  : FPGA configured successfully with bitstream "D:/Vivado_Project/ECE532_final/ECE532_integration/ECE532_integration/ECE532_integration.sdk/design_1_wrapper_hw_platform_1/download.bit"
01:14:32 INFO  : Processor reset is completed for microblaze_0
01:18:46 ERROR : Unexpected error while parsing XMD response ?: com.google.gson.JsonSyntaxException: com.google.gson.stream.MalformedJsonException: invalid number or unquoted string near 
12:00:44 INFO  : Launching XSDB server: xsdb.bat -interactive D:\Vivado_Project\ECE532_final\ECE532_integration\ECE532_integration\ECE532_integration.sdk\temp_xsdb_launch_script.tcl
12:00:54 INFO  : XSDB server has started successfully.
12:00:55 INFO  : Processing command line option -hwspec D:/Vivado_Project/ECE532_final/ECE532_integration/ECE532_integration/ECE532_integration.sdk/design_1_wrapper.hdf.
12:00:55 INFO  : Checking for hwspec changes in the project design_1_wrapper_hw_platform_1.
12:00:56 INFO  : SDK has detected change in the last modified timestamps for source hardware specification file Source:1490889513060,  Project:1490816691564
12:00:56 INFO  : The hardware specification for project 'design_1_wrapper_hw_platform_1' is different from D:/Vivado_Project/ECE532_final/ECE532_integration/ECE532_integration/ECE532_integration.sdk/design_1_wrapper.hdf.
12:00:56 INFO  : Copied contents of D:/Vivado_Project/ECE532_final/ECE532_integration/ECE532_integration/ECE532_integration.sdk/design_1_wrapper.hdf into \design_1_wrapper_hw_platform_1\system.hdf.
12:00:56 INFO  : Synchronizing projects in the workspace with the hardware platform specification changes.
12:00:56 INFO  : Clearing existing target manager status.
12:00:58 INFO  : Workspace synchronized with the new hardware specification file. Cleaning dependent projects...
12:00:58 WARN  : Linker script will not be updated automatically. Users need to update it manually.
12:05:28 INFO  : Connected to target on host '127.0.0.1' and port '3121'.
12:05:33 INFO  : 'targets -set -filter {jtag_cable_name =~ "Digilent Nexys4DDR 210292645895A" && level==0} -index 0' command is executed.
12:05:36 INFO  : FPGA configured successfully with bitstream "D:/Vivado_Project/ECE532_final/ECE532_integration/ECE532_integration/ECE532_integration.sdk/design_1_wrapper_hw_platform_1/download.bit"
12:05:42 INFO  : Processor reset is completed for microblaze_0
12:10:46 INFO  : Processor reset is completed for microblaze_0
12:42:46 ERROR : Unexpected error while parsing XMD response ?: com.google.gson.JsonSyntaxException: com.google.gson.stream.MalformedJsonException: invalid number or unquoted string near 
12:43:06 INFO  : Launching XSDB server: xsdb.bat -interactive D:\Vivado_Project\ECE532_final\ECE532_integration\ECE532_integration\ECE532_integration.sdk\temp_xsdb_launch_script.tcl
12:43:08 INFO  : XSDB server has started successfully.
12:43:09 INFO  : Processing command line option -hwspec D:/Vivado_Project/ECE532_final/ECE532_integration/ECE532_integration/ECE532_integration.sdk/design_1_wrapper.hdf.
12:43:10 INFO  : Checking for hwspec changes in the project design_1_wrapper_hw_platform_1.
12:43:11 INFO  : SDK has detected change in the last modified timestamps for source hardware specification file Source:1490892060371,  Project:1490889513060
12:43:11 INFO  : The hardware specification for project 'design_1_wrapper_hw_platform_1' is different from D:/Vivado_Project/ECE532_final/ECE532_integration/ECE532_integration/ECE532_integration.sdk/design_1_wrapper.hdf.
12:43:11 INFO  : Copied contents of D:/Vivado_Project/ECE532_final/ECE532_integration/ECE532_integration/ECE532_integration.sdk/design_1_wrapper.hdf into \design_1_wrapper_hw_platform_1\system.hdf.
12:43:11 INFO  : Synchronizing projects in the workspace with the hardware platform specification changes.
12:43:11 INFO  : Clearing existing target manager status.
12:43:12 INFO  : Workspace synchronized with the new hardware specification file. Cleaning dependent projects...
12:43:12 WARN  : Linker script will not be updated automatically. Users need to update it manually.
12:43:32 INFO  : Connected to target on host '127.0.0.1' and port '3121'.
12:43:37 INFO  : 'targets -set -filter {jtag_cable_name =~ "Digilent Nexys4DDR 210292645895A" && level==0} -index 0' command is executed.
12:43:40 INFO  : FPGA configured successfully with bitstream "D:/Vivado_Project/ECE532_final/ECE532_integration/ECE532_integration/ECE532_integration.sdk/design_1_wrapper_hw_platform_1/download.bit"
12:43:55 INFO  : Processor reset is completed for microblaze_0
13:07:25 INFO  : Processor reset is completed for microblaze_0
13:48:56 INFO  : Processor reset is completed for microblaze_0
13:53:18 INFO  : Time out for XMD transaction is 60000
If you want to increase the timeout value, goto Windows-> Preferences -> Xilinx SDK -> XMD Startup
13:53:18 ERROR : Timeout occured while waiting to get reply for command "xdisconnect 0"
13:53:18 ERROR : Disconnect target failed.
13:58:19 ERROR : Disconnect target failed.No active Target 0

13:58:19 ERROR : Unable to disconnect from existing targets
java.lang.RuntimeException: No active Target 0

	at com.xilinx.sdk.targetmanager.internal.TM.disconnectTarget(TM.java:329)
	at com.xilinx.sdk.targetmanager.internal.TM.disconnectExistingTargets(TM.java:308)
	at com.xilinx.sdk.targetmanager.internal.TM.terminate(TM.java:212)
	at com.xilinx.sdk.targetmanager.TMPlugin.stop(TMPlugin.java:58)
	at org.eclipse.osgi.internal.framework.BundleContextImpl$4.run(BundleContextImpl.java:827)
	at org.eclipse.osgi.internal.framework.BundleContextImpl$4.run(BundleContextImpl.java:1)
	at java.security.AccessController.doPrivileged(Native Method)
	at org.eclipse.osgi.internal.framework.BundleContextImpl.stop(BundleContextImpl.java:820)
	at org.eclipse.osgi.internal.framework.EquinoxBundle.stopWorker0(EquinoxBundle.java:955)
	at org.eclipse.osgi.internal.framework.EquinoxBundle$EquinoxModule.stopWorker(EquinoxBundle.java:323)
	at org.eclipse.osgi.container.Module.doStop(Module.java:626)
	at org.eclipse.osgi.container.Module.stop(Module.java:488)
	at org.eclipse.osgi.container.ModuleContainer$ContainerStartLevel.decStartLevel(ModuleContainer.java:1623)
	at org.eclipse.osgi.container.ModuleContainer$ContainerStartLevel.doContainerStartLevel(ModuleContainer.java:1542)
	at org.eclipse.osgi.container.SystemModule.stopWorker(SystemModule.java:248)
	at org.eclipse.osgi.internal.framework.EquinoxBundle$SystemBundle$EquinoxSystemModule.stopWorker(EquinoxBundle.java:144)
	at org.eclipse.osgi.container.Module.doStop(Module.java:626)
	at org.eclipse.osgi.container.Module.stop(Module.java:488)
	at org.eclipse.osgi.container.SystemModule.stop(SystemModule.java:186)
	at org.eclipse.osgi.internal.framework.EquinoxBundle$SystemBundle$EquinoxSystemModule$1.run(EquinoxBundle.java:159)
	at java.lang.Thread.run(Thread.java:745)
13:58:19 ERROR : Unexpected error while parsing XMD response ?: com.google.gson.JsonSyntaxException: com.google.gson.stream.MalformedJsonException: invalid number or unquoted string near 
13:58:33 INFO  : Launching XSDB server: xsdb.bat -interactive D:\Vivado_Project\ECE532_final\ECE532_integration\ECE532_integration\ECE532_integration.sdk\temp_xsdb_launch_script.tcl
13:58:35 INFO  : XSDB server has started successfully.
13:58:35 INFO  : Processing command line option -hwspec D:/Vivado_Project/ECE532_final/ECE532_integration/ECE532_integration/ECE532_integration.sdk/design_1_wrapper.hdf.
13:58:35 INFO  : Checking for hwspec changes in the project design_1_wrapper_hw_platform_1.
13:58:51 INFO  : Processor reset is completed for microblaze_0
14:03:56 INFO  : microblaze_0 Processor is in use. Please stop existing Run or Debug sessions before launching.
14:03:57 INFO  : Processor reset is completed for microblaze_0
14:18:41 INFO  : Processor reset is completed for microblaze_0
14:18:49 INFO  : Connected to target on host '127.0.0.1' and port '3121'.
14:18:49 INFO  : 'targets -set -filter {jtag_cable_name =~ "Digilent Nexys4DDR 210292645895A" && level==0} -index 0' command is executed.
14:18:51 INFO  : FPGA configured successfully with bitstream "D:/Vivado_Project/ECE532_final/ECE532_integration/ECE532_integration/ECE532_integration.sdk/design_1_wrapper_hw_platform_1/download.bit"
14:18:58 INFO  : Processor reset is completed for microblaze_0
14:26:49 INFO  : Processor reset is completed for microblaze_0
14:29:00 INFO  : Processor reset is completed for microblaze_0
14:33:36 INFO  : microblaze_0 Processor is in use. Please stop existing Run or Debug sessions before launching.
14:33:37 INFO  : Processor reset is completed for microblaze_0
14:35:12 INFO  : microblaze_0 Processor is in use. Please stop existing Run or Debug sessions before launching.
14:35:13 INFO  : Processor reset is completed for microblaze_0
14:37:39 INFO  : Processor reset is completed for microblaze_0
14:40:11 INFO  : Connected to target on host '127.0.0.1' and port '3121'.
14:40:11 INFO  : 'targets -set -filter {jtag_cable_name =~ "Digilent Nexys4DDR 210292645895A" && level==0} -index 0' command is executed.
14:40:14 INFO  : FPGA configured successfully with bitstream "D:/Vivado_Project/ECE532_final/ECE532_integration/ECE532_integration/ECE532_integration.sdk/design_1_wrapper_hw_platform_1/download.bit"
14:40:33 INFO  : Processor reset is completed for microblaze_0
14:50:58 INFO  : Processor reset is completed for microblaze_0
15:14:47 INFO  : Processor reset is completed for microblaze_0
15:58:49 INFO  : SDK has detected change in the last modified timestamps for source hardware specification file Source:1490903902177,  Project:1490892060371
15:58:49 INFO  : Project design_1_wrapper_hw_platform_1's source hardware specification located at D:/Vivado_Project/ECE532_final/ECE532_integration/ECE532_integration/ECE532_integration.sdk/design_1_wrapper.hdf is now different from the local copy.
		 The local copy will be replaced with the source specification and your workspace will be updated.
15:58:52 INFO  : Copied contents of D:/Vivado_Project/ECE532_final/ECE532_integration/ECE532_integration/ECE532_integration.sdk/design_1_wrapper.hdf into \design_1_wrapper_hw_platform_1\system.hdf.
15:58:52 INFO  : Synchronizing projects in the workspace with the hardware platform specification changes.
15:58:52 INFO  : Clearing existing target manager status.
15:58:52 INFO  : Workspace synchronized with the new hardware specification file. Cleaning dependent projects...
15:58:52 WARN  : Linker script will not be updated automatically. Users need to update it manually.
15:58:55 ERROR : Unexpected error while parsing XMD response ?: com.google.gson.JsonSyntaxException: com.google.gson.stream.MalformedJsonException: invalid number or unquoted string near 
15:59:13 INFO  : Launching XSDB server: xsdb.bat -interactive D:\Vivado_Project\ECE532_final\ECE532_integration\ECE532_integration\ECE532_integration.sdk\temp_xsdb_launch_script.tcl
15:59:15 INFO  : XSDB server has started successfully.
15:59:16 INFO  : Processing command line option -hwspec D:/Vivado_Project/ECE532_final/ECE532_integration/ECE532_integration/ECE532_integration.sdk/design_1_wrapper.hdf.
15:59:16 INFO  : Checking for hwspec changes in the project design_1_wrapper_hw_platform_1.
15:59:48 INFO  : Connected to target on host '127.0.0.1' and port '3121'.
15:59:53 INFO  : 'targets -set -filter {jtag_cable_name =~ "Digilent Nexys4DDR 210292645895A" && level==0} -index 0' command is executed.
15:59:55 INFO  : FPGA configured successfully with bitstream "D:/Vivado_Project/ECE532_final/ECE532_integration/ECE532_integration/ECE532_integration.sdk/design_1_wrapper_hw_platform_1/download.bit"
16:00:05 INFO  : Processor reset is completed for microblaze_0
16:00:41 INFO  : Processor reset is completed for microblaze_0
16:01:29 INFO  : microblaze_0 Processor is in use. Please stop existing Run or Debug sessions before launching.
16:01:32 INFO  : Processor reset is completed for microblaze_0
16:09:44 INFO  : microblaze_0 Processor is in use. Please stop existing Run or Debug sessions before launching.
16:09:46 INFO  : Processor reset is completed for microblaze_0
16:10:41 INFO  : microblaze_0 Processor is in use. Please stop existing Run or Debug sessions before launching.
16:10:42 INFO  : Processor reset is completed for microblaze_0
16:11:36 INFO  : microblaze_0 Processor is in use. Please stop existing Run or Debug sessions before launching.
16:11:37 INFO  : Processor reset is completed for microblaze_0
16:15:22 INFO  : Processor reset is completed for microblaze_0
16:15:59 INFO  : Processor reset is completed for microblaze_0
16:16:48 INFO  : Processor reset is completed for microblaze_0
16:17:37 INFO  : microblaze_0 Processor is in use. Please stop existing Run or Debug sessions before launching.
16:17:42 INFO  : Processor reset is completed for microblaze_0
16:18:49 INFO  : microblaze_0 Processor is in use. Please stop existing Run or Debug sessions before launching.
16:18:51 INFO  : Processor reset is completed for microblaze_0
16:20:41 INFO  : Processor reset is completed for microblaze_0
16:22:47 INFO  : microblaze_0 Processor is in use. Please stop existing Run or Debug sessions before launching.
16:22:49 INFO  : Processor reset is completed for microblaze_0
17:17:09 INFO  : Processor reset is completed for microblaze_0
17:17:30 INFO  : SDK has detected change in the last modified timestamps for source hardware specification file Source:1490907153525,  Project:1490903902177
17:17:30 INFO  : Project design_1_wrapper_hw_platform_1's source hardware specification located at D:/Vivado_Project/ECE532_final/ECE532_integration/ECE532_integration/ECE532_integration.sdk/design_1_wrapper.hdf is now different from the local copy.
		 The local copy will be replaced with the source specification and your workspace will be updated.
17:17:35 INFO  : Copied contents of D:/Vivado_Project/ECE532_final/ECE532_integration/ECE532_integration/ECE532_integration.sdk/design_1_wrapper.hdf into \design_1_wrapper_hw_platform_1\system.hdf.
17:17:35 INFO  : Synchronizing projects in the workspace with the hardware platform specification changes.
17:17:35 INFO  : Clearing existing target manager status.
17:17:35 INFO  : Workspace synchronized with the new hardware specification file. Cleaning dependent projects...
17:17:35 WARN  : Linker script will not be updated automatically. Users need to update it manually.
17:17:37 ERROR : Unexpected error while parsing XMD response ?: com.google.gson.JsonSyntaxException: com.google.gson.stream.MalformedJsonException: invalid number or unquoted string near 
17:17:54 INFO  : Launching XSDB server: xsdb.bat -interactive D:\Vivado_Project\ECE532_final\ECE532_integration\ECE532_integration\ECE532_integration.sdk\temp_xsdb_launch_script.tcl
17:17:57 INFO  : XSDB server has started successfully.
17:17:58 INFO  : Processing command line option -hwspec D:/Vivado_Project/ECE532_final/ECE532_integration/ECE532_integration/ECE532_integration.sdk/design_1_wrapper.hdf.
17:17:58 INFO  : Checking for hwspec changes in the project design_1_wrapper_hw_platform_1.
17:18:24 INFO  : Connected to target on host '127.0.0.1' and port '3121'.
17:18:29 INFO  : 'targets -set -filter {jtag_cable_name =~ "Digilent Nexys4DDR 210292645895A" && level==0} -index 0' command is executed.
17:18:31 INFO  : FPGA configured successfully with bitstream "D:/Vivado_Project/ECE532_final/ECE532_integration/ECE532_integration/ECE532_integration.sdk/design_1_wrapper_hw_platform_1/download.bit"
17:18:37 INFO  : Processor reset is completed for microblaze_0
17:33:01 INFO  : Processor reset is completed for microblaze_0
17:41:04 INFO  : Processor reset is completed for microblaze_0
17:51:40 INFO  : microblaze_0 Processor is in use. Please stop existing Run or Debug sessions before launching.
17:51:42 INFO  : Processor reset is completed for microblaze_0
17:54:27 INFO  : Processor reset is completed for microblaze_0
17:58:04 INFO  : SDK has detected change in the last modified timestamps for source hardware specification file Source:1490910607460,  Project:1490907153525
17:58:04 INFO  : Project design_1_wrapper_hw_platform_1's source hardware specification located at D:/Vivado_Project/ECE532_final/ECE532_integration/ECE532_integration/ECE532_integration.sdk/design_1_wrapper.hdf is now different from the local copy.
		 The local copy will be replaced with the source specification and your workspace will be updated.
17:58:06 INFO  : Copied contents of D:/Vivado_Project/ECE532_final/ECE532_integration/ECE532_integration/ECE532_integration.sdk/design_1_wrapper.hdf into \design_1_wrapper_hw_platform_1\system.hdf.
17:58:06 INFO  : Synchronizing projects in the workspace with the hardware platform specification changes.
17:58:06 INFO  : Clearing existing target manager status.
17:58:06 INFO  : Workspace synchronized with the new hardware specification file. Cleaning dependent projects...
17:58:06 WARN  : Linker script will not be updated automatically. Users need to update it manually.
18:00:05 INFO  : Processor reset is completed for microblaze_0
19:24:38 INFO  : Processor reset is completed for microblaze_0
19:27:09 INFO  : Processor reset is completed for microblaze_0
19:29:03 INFO  : Connected to target on host '127.0.0.1' and port '3121'.
19:29:03 INFO  : 'targets -set -filter {jtag_cable_name =~ "Digilent Nexys4DDR 210292645895A" && level==0} -index 0' command is executed.
19:29:05 INFO  : FPGA configured successfully with bitstream "D:/Vivado_Project/ECE532_final/ECE532_integration/ECE532_integration/ECE532_integration.sdk/design_1_wrapper_hw_platform_1/download.bit"
19:29:14 INFO  : microblaze_0 Processor is in use. Please stop existing Run or Debug sessions before launching.
19:29:16 INFO  : Processor reset is completed for microblaze_0
19:30:52 INFO  : microblaze_0 Processor is in use. Please stop existing Run or Debug sessions before launching.
19:31:01 INFO  : Processor reset is completed for microblaze_0
19:32:48 INFO  : Processor reset is completed for microblaze_0
19:34:48 INFO  : Connected to target on host '127.0.0.1' and port '3121'.
19:34:48 INFO  : 'targets -set -filter {jtag_cable_name =~ "Digilent Nexys4DDR 210292645895A" && level==0} -index 0' command is executed.
19:34:50 INFO  : FPGA configured successfully with bitstream "D:/Vivado_Project/ECE532_final/ECE532_integration/ECE532_integration/ECE532_integration.sdk/design_1_wrapper_hw_platform_1/download.bit"
19:38:57 INFO  : Processor reset is completed for microblaze_0
19:47:13 INFO  : Processor reset is completed for microblaze_0
19:49:33 INFO  : Processor reset is completed for microblaze_0
19:50:50 INFO  : Connected to target on host '127.0.0.1' and port '3121'.
19:50:50 INFO  : 'targets -set -filter {jtag_cable_name =~ "Digilent Nexys4DDR 210292645895A" && level==0} -index 0' command is executed.
19:50:52 INFO  : FPGA configured successfully with bitstream "D:/Vivado_Project/ECE532_final/ECE532_integration/ECE532_integration/ECE532_integration.sdk/design_1_wrapper_hw_platform_1/download.bit"
19:51:17 INFO  : Processor reset is completed for microblaze_0
19:53:57 INFO  : microblaze_0 Processor is in use. Please stop existing Run or Debug sessions before launching.
19:53:59 INFO  : Processor reset is completed for microblaze_0
19:55:31 INFO  : microblaze_0 Processor is in use. Please stop existing Run or Debug sessions before launching.
19:55:33 INFO  : Processor reset is completed for microblaze_0
19:58:32 INFO  : Processor reset is completed for microblaze_0
20:05:35 INFO  : Processor reset is completed for microblaze_0
20:07:57 INFO  : Processor reset is completed for microblaze_0
20:11:26 INFO  : Processor reset is completed for microblaze_0
20:11:59 INFO  : Connected to target on host '127.0.0.1' and port '3121'.
20:11:59 INFO  : 'targets -set -filter {jtag_cable_name =~ "Digilent Nexys4DDR 210292645895A" && level==0} -index 0' command is executed.
20:12:01 INFO  : FPGA configured successfully with bitstream "D:/Vivado_Project/ECE532_final/ECE532_integration/ECE532_integration/ECE532_integration.sdk/design_1_wrapper_hw_platform_1/download.bit"
20:12:26 INFO  : Processor reset is completed for microblaze_0
20:23:50 INFO  : Processor reset is completed for microblaze_0
20:27:14 INFO  : Processor reset is completed for microblaze_0
20:31:09 INFO  : Processor reset is completed for microblaze_0
20:33:19 INFO  : Processor reset is completed for microblaze_0
20:35:18 INFO  : Processor reset is completed for microblaze_0
20:36:29 INFO  : Processor reset is completed for microblaze_0
20:37:19 INFO  : Connected to target on host '127.0.0.1' and port '3121'.
20:37:19 INFO  : 'targets -set -filter {jtag_cable_name =~ "Digilent Nexys4DDR 210292645895A" && level==0} -index 0' command is executed.
20:37:22 INFO  : FPGA configured successfully with bitstream "D:/Vivado_Project/ECE532_final/ECE532_integration/ECE532_integration/ECE532_integration.sdk/design_1_wrapper_hw_platform_1/download.bit"
20:37:34 INFO  : Processor reset is completed for microblaze_0
20:57:46 ERROR : Unexpected error while parsing XMD response ?: com.google.gson.JsonSyntaxException: com.google.gson.stream.MalformedJsonException: invalid number or unquoted string near 
14:20:55 INFO  : Launching XSDB server: xsdb.bat -interactive D:\Vivado_Project\ECE532_final\ECE532_integration\ECE532_integration\ECE532_integration.sdk\temp_xsdb_launch_script.tcl
14:20:58 INFO  : XSDB server has started successfully.
14:20:59 INFO  : Processing command line option -hwspec D:/Vivado_Project/ECE532_final/ECE532_integration/ECE532_integration/ECE532_integration.sdk/design_1_wrapper.hdf.
14:20:59 INFO  : Checking for hwspec changes in the project design_1_wrapper_hw_platform_1.
14:30:13 INFO  : Launching XSDB server: xsdb.bat -interactive D:\Vivado_Project\ECE532_final\ECE532_integration\ECE532_integration\ECE532_integration.sdk\temp_xsdb_launch_script.tcl
14:30:14 INFO  : XSDB server has started successfully.
14:30:14 INFO  : Processing command line option -hwspec D:/Vivado_Project/ECE532_final/ECE532_integration/ECE532_integration/ECE532_integration.sdk/design_1_wrapper.hdf.
14:30:15 INFO  : Checking for hwspec changes in the project design_1_wrapper_hw_platform_1.
